Determining if the pthread_create exist failed with the following output:
Change Dir: /home/student/CarND-Capstone/ros/build/CMakeFiles/CMakeTmp

Run Build Command:"/usr/bin/make" "cmTC_302a6/fast"
/usr/bin/make -f CMakeFiles/cmTC_302a6.dir/build.make CMakeFiles/cmTC_302a6.dir/build
make[1]: Entering directory '/home/student/CarND-Capstone/ros/build/CMakeFiles/CMakeTmp'
Building C object CMakeFiles/cmTC_302a6.dir/CheckSymbolExists.c.o
/usr/bin/cc     -o CMakeFiles/cmTC_302a6.dir/CheckSymbolExists.c.o   -c /home/student/CarND-Capstone/ros/build/CMakeFiles/CMakeTmp/CheckSymbolExists.c
Linking C executable cmTC_302a6
/usr/bin/cmake -E cmake_link_script CMakeFiles/cmTC_302a6.dir/link.txt --verbose=1
/usr/bin/cc       CMakeFiles/cmTC_302a6.dir/CheckSymbolExists.c.o  -o cmTC_302a6 -rdynamic 
CMakeFiles/cmTC_302a6.dir/CheckSymbolExists.c.o: In function `main':
CheckSymbolExists.c:(.text+0x16): undefined reference to `pthread_create'
collect2: error: ld returned 1 exit status
CMakeFiles/cmTC_302a6.dir/build.make:97: recipe for target 'cmTC_302a6' failed
make[1]: *** [cmTC_302a6] Error 1
make[1]: Leaving directory '/home/student/CarND-Capstone/ros/build/CMakeFiles/CMakeTmp'
Makefile:126: recipe for target 'cmTC_302a6/fast' failed
make: *** [cmTC_302a6/fast] Error 2

File /home/student/CarND-Capstone/ros/build/CMakeFiles/CMakeTmp/CheckSymbolExists.c:
/* */
#include <pthread.h>

int main(int argc, char** argv)
{
  (void)argv;
#ifndef pthread_create
  return ((int*)(&pthread_create))[argc];
#else
  (void)argc;
  return 0;
#endif
}

Determining if the function pthread_create exists in the pthreads failed with the following output:
Change Dir: /home/student/CarND-Capstone/ros/build/CMakeFiles/CMakeTmp

Run Build Command:"/usr/bin/make" "cmTC_d785c/fast"
/usr/bin/make -f CMakeFiles/cmTC_d785c.dir/build.make CMakeFiles/cmTC_d785c.dir/build
make[1]: Entering directory '/home/student/CarND-Capstone/ros/build/CMakeFiles/CMakeTmp'
Building C object CMakeFiles/cmTC_d785c.dir/CheckFunctionExists.c.o
/usr/bin/cc    -DCHECK_FUNCTION_EXISTS=pthread_create   -o CMakeFiles/cmTC_d785c.dir/CheckFunctionExists.c.o   -c /usr/share/cmake-3.5/Modules/CheckFunctionExists.c
Linking C executable cmTC_d785c
/usr/bin/cmake -E cmake_link_script CMakeFiles/cmTC_d785c.dir/link.txt --verbose=1
/usr/bin/cc   -DCHECK_FUNCTION_EXISTS=pthread_create    CMakeFiles/cmTC_d785c.dir/CheckFunctionExists.c.o  -o cmTC_d785c -rdynamic -lpthreads 
/usr/bin/ld: cannot find -lpthreads
collect2: error: ld returned 1 exit status
CMakeFiles/cmTC_d785c.dir/build.make:97: recipe for target 'cmTC_d785c' failed
make[1]: *** [cmTC_d785c] Error 1
make[1]: Leaving directory '/home/student/CarND-Capstone/ros/build/CMakeFiles/CMakeTmp'
Makefile:126: recipe for target 'cmTC_d785c/fast' failed
make: *** [cmTC_d785c/fast] Error 2


